Using pre-set license
Built from '2021.3/staging' branch; Version is '2021.3.5f1 (40eb3a945986) revision 4254522'; Using compiler version '192829333'; Build Type 'Release'
OS: 'Windows 10  (10.0.19044) 64bit CoreSingleLanguage' Language: 'vi' Physical Memory: 8043 MB
BatchMode: 1, IsHumanControllingUs: 0, StartBugReporterOnCrash: 0, Is64bit: 1, IsPro: 1

COMMAND LINE ARGUMENTS:
C:\Program Files\Unity\Hub\Editor\2021.3.5f1\Editor\Unity.exe
-adb2
-batchMode
-noUpm
-name
AssetImportWorker0
-projectPath
C:/Users/This PC/Downloads/Tower-Defense-2D-master/Tower Defense 2D
-logFile
Logs/AssetImportWorker0.log
-srvPort
54537
Successfully changed project path to: C:/Users/This PC/Downloads/Tower-Defense-2D-master/Tower Defense 2D
C:/Users/This PC/Downloads/Tower-Defense-2D-master/Tower Defense 2D
[UnityMemory] Configuration Parameters - Can be set up in boot.config
    "memorysetup-bucket-allocator-granularity=16"
    "memorysetup-bucket-allocator-bucket-count=8"
    "memorysetup-bucket-allocator-block-size=33554432"
    "memorysetup-bucket-allocator-block-count=8"
    "memorysetup-main-allocator-block-size=16777216"
    "memorysetup-thread-allocator-block-size=16777216"
    "memorysetup-gfx-main-allocator-block-size=16777216"
    "memorysetup-gfx-thread-allocator-block-size=16777216"
    "memorysetup-cache-allocator-block-size=4194304"
    "memorysetup-typetree-allocator-block-size=2097152"
    "memorysetup-profiler-bucket-allocator-granularity=16"
    "memorysetup-profiler-bucket-allocator-bucket-count=8"
    "memorysetup-profiler-bucket-allocator-block-size=33554432"
    "memorysetup-profiler-bucket-allocator-block-count=8"
    "memorysetup-profiler-allocator-block-size=16777216"
    "memorysetup-profiler-editor-allocator-block-size=1048576"
    "memorysetup-temp-allocator-size-main=16777216"
    "memorysetup-job-temp-allocator-block-size=2097152"
    "memorysetup-job-temp-allocator-block-size-background=1048576"
    "memorysetup-job-temp-allocator-reduction-small-platforms=262144"
    "memorysetup-temp-allocator-size-background-worker=32768"
    "memorysetup-temp-allocator-size-job-worker=262144"
    "memorysetup-temp-allocator-size-preload-manager=33554432"
    "memorysetup-temp-allocator-size-nav-mesh-worker=65536"
    "memorysetup-temp-allocator-size-audio-worker=65536"
    "memorysetup-temp-allocator-size-cloud-worker=32768"
    "memorysetup-temp-allocator-size-gi-baking-worker=262144"
    "memorysetup-temp-allocator-size-gfx=262144"
Refreshing native plugins compatible for Editor in 67.66 ms, found 3 plugins.
Preloading 0 native plugins for Editor in 0.00 ms.
Initialize engine version: 2021.3.5f1 (40eb3a945986)
[Subsystems] Discovering subsystems at path C:/Program Files/Unity/Hub/Editor/2021.3.5f1/Editor/Data/Resources/UnitySubsystems
[Subsystems] Discovering subsystems at path C:/Users/This PC/Downloads/Tower-Defense-2D-master/Tower Defense 2D/Assets
GfxDevice: creating device client; threaded=0; jobified=0
Direct3D:
    Version:  Direct3D 11.0 [level 11.1]
    Renderer: NVIDIA GeForce MX250 (ID=0x1d13)
    Vendor:   NVIDIA
    VRAM:     1983 MB
    Driver:   30.0.15.1169
Initialize mono
Mono path[0] = 'C:/Program Files/Unity/Hub/Editor/2021.3.5f1/Editor/Data/Managed'
Mono path[1] = 'C:/Program Files/Unity/Hub/Editor/2021.3.5f1/Editor/Data/MonoBleedingEdge/lib/mono/unityjit-win32'
Mono config path = 'C:/Program Files/Unity/Hub/Editor/2021.3.5f1/Editor/Data/MonoBleedingEdge/etc'
Using monoOptions --debugger-agent=transport=dt_socket,embedding=1,server=y,suspend=n,address=127.0.0.1:56612
Begin MonoManager ReloadAssembly
Registering precompiled unity dll's ...
Register platform support module: C:/Program Files/Unity/Hub/Editor/2021.3.5f1/Editor/Data/PlaybackEngines/AndroidPlayer/UnityEditor.Android.Extensions.dll
Register platform support module: C:/Program Files/Unity/Hub/Editor/2021.3.5f1/Editor/Data/PlaybackEngines/WindowsStandaloneSupport/UnityEditor.WindowsStandalone.Extensions.dll
Registered in 0.018478 seconds.
Native extension for WindowsStandalone target not found
Native extension for Android target not found
Refreshing native plugins compatible for Editor in 119.77 ms, found 3 plugins.
Preloading 0 native plugins for Editor in 0.00 ms.
Mono: successfully reloaded assembly
- Completed reload, in  2.124 seconds
Domain Reload Profiling:
	ReloadAssembly (2125ms)
		BeginReloadAssembly (275ms)
			ExecutionOrderSort (0ms)
			DisableScriptedObjects (0ms)
			BackupInstance (0ms)
			ReleaseScriptingObjects (0ms)
			CreateAndSetChildDomain (1ms)
		EndReloadAssembly (1376ms)
			LoadAssemblies (272ms)
			RebuildTransferFunctionScriptingTraits (0ms)
			SetupTypeCache (622ms)
			ReleaseScriptCaches (0ms)
			RebuildScriptCaches (65ms)
			SetupLoadedEditorAssemblies (566ms)
				LogAssemblyErrors (0ms)
				InitializePlatformSupportModulesInManaged (133ms)
				SetLoadedEditorAssemblies (1ms)
				RefreshPlugins (120ms)
				BeforeProcessingInitializeOnLoad (2ms)
				ProcessInitializeOnLoadAttributes (207ms)
				ProcessInitializeOnLoadMethodAttributes (103ms)
				AfterProcessingInitializeOnLoad (0ms)
				EditorAssembliesLoaded (0ms)
			ExecutionOrderSort2 (0ms)
			AwakeInstancesAfterBackupRestoration (0ms)
Platform modules already initialized, skipping
Registering precompiled user dll's ...
Registered in 0.018121 seconds.
Android Extension - Scanning For ADB Devices 5017 ms
Begin MonoManager ReloadAssembly
Native extension for WindowsStandalone target not found
Native extension for Android target not found
Refreshing native plugins compatible for Editor in 57.52 ms, found 3 plugins.
Preloading 0 native plugins for Editor in 0.00 ms.
Mono: successfully reloaded assembly
- Completed reload, in  1.772 seconds
Domain Reload Profiling:
	ReloadAssembly (1773ms)
		BeginReloadAssembly (213ms)
			ExecutionOrderSort (0ms)
			DisableScriptedObjects (7ms)
			BackupInstance (0ms)
			ReleaseScriptingObjects (0ms)
			CreateAndSetChildDomain (36ms)
		EndReloadAssembly (1411ms)
			LoadAssemblies (127ms)
			RebuildTransferFunctionScriptingTraits (0ms)
			SetupTypeCache (557ms)
			ReleaseScriptCaches (1ms)
			RebuildScriptCaches (66ms)
			SetupLoadedEditorAssemblies (622ms)
				LogAssemblyErrors (0ms)
				InitializePlatformSupportModulesInManaged (16ms)
				SetLoadedEditorAssemblies (0ms)
				RefreshPlugins (58ms)
				BeforeProcessingInitializeOnLoad (86ms)
				ProcessInitializeOnLoadAttributes (398ms)
				ProcessInitializeOnLoadMethodAttributes (53ms)
				AfterProcessingInitializeOnLoad (11ms)
				EditorAssembliesLoaded (0ms)
			ExecutionOrderSort2 (0ms)
			AwakeInstancesAfterBackupRestoration (6ms)
Platform modules already initialized, skipping
========================================================================
Worker process is ready to serve import requests
Launched and connected shader compiler UnityShaderCompiler.exe after 0.07 seconds
Refreshing native plugins compatible for Editor in 0.74 ms, found 3 plugins.
Preloading 0 native plugins for Editor in 0.00 ms.
Unloading 2658 Unused Serialized files (Serialized files now loaded: 0)
Unloading 38 unused Assets / (258.7 KB). Loaded Objects now: 3133.
Memory consumption went from 125.9 MB to 125.6 MB.
Total: 3.776000 ms (FindLiveObjects: 0.265100 ms CreateObjectMapping: 0.167700 ms MarkObjects: 3.301700 ms  DeleteObjects: 0.039900 ms)

AssetImportParameters requested are different than current active one (requested -> active):
  custom:video-decoder-ogg-theora: a1e56fd34408186e4bbccfd4996cb3dc -> 
  custom:container-muxer-webm: aa71ff27fc2769a1b78a27578f13a17b -> 
  custom:container-demuxer-webm: 4f35f7cbe854078d1ac9338744f61a02 -> 
  custom:video-encoder-webm-vp8: eb34c28f22e8b96e1ab97ce403110664 -> 
  custom:audio-encoder-webm-vorbis: bf7c407c2cedff20999df2af8eb42d56 -> 
  custom:framework-win-MediaFoundation: 216162199b28c13a410421893ffa2e32 -> 
  custom:container-demuxer-ogg: 62fdf1f143b41e24485cea50d1cbac27 -> 
  custom:video-decoder-webm-vp8: 9c59270c3fd7afecdb556c50c9e8de78 -> 
  custom:audio-decoder-ogg-vorbis: bf7c407c2cedff20999df2af8eb42d56 -> 
========================================================================
Received Import Request.
  Time since last request: 1630.870975 seconds.
  path: Assets/Sprites/Tower/Archer/Archer1/archer01.png
  artifactKey: Guid(898ed84dcf75e7140977dd7f9ad19a85) Importer(815301076,1909f56bfc062723c751e8b465ee728b)
Start importing Assets/Sprites/Tower/Archer/Archer1/archer01.png using Guid(898ed84dcf75e7140977dd7f9ad19a85) Importer(815301076,1909f56bfc062723c751e8b465ee728b)  -> (artifact id: 'b498187d418228fead8066d75747889a') in 0.119744 seconds 
========================================================================
Received Import Request.
  Time since last request: 0.000020 seconds.
  path: Assets/Sprites/Tower/Archer/Archer4/archer04.png
  artifactKey: Guid(9657c982cd6a978498d4551e7305de0e) Importer(815301076,1909f56bfc062723c751e8b465ee728b)
Start importing Assets/Sprites/Tower/Archer/Archer4/archer04.png using Guid(9657c982cd6a978498d4551e7305de0e) Importer(815301076,1909f56bfc062723c751e8b465ee728b)  -> (artifact id: '162d2ad8fc3618f6b3da1db6712bcf91') in 0.020398 seconds 
========================================================================
Received Import Request.
  Time since last request: 0.555419 seconds.
  path: Assets/Sprites/Tower/Archer/Archer5/archer05.png
  artifactKey: Guid(2d0a685ee1509f748a8ca303eca58bed) Importer(815301076,1909f56bfc062723c751e8b465ee728b)
Start importing Assets/Sprites/Tower/Archer/Archer5/archer05.png using Guid(2d0a685ee1509f748a8ca303eca58bed) Importer(815301076,1909f56bfc062723c751e8b465ee728b)  -> (artifact id: '3dca587806fc30e0052af22bc9d3a5b0') in 0.018112 seconds 
========================================================================
Received Import Request.
  Time since last request: 6.884997 seconds.
  path: Assets/Sprites/Tower/Archer/Archer6/archer06.png
  artifactKey: Guid(832cbbfe8c69da148b66c82db0db4577) Importer(815301076,1909f56bfc062723c751e8b465ee728b)
Start importing Assets/Sprites/Tower/Archer/Archer6/archer06.png using Guid(832cbbfe8c69da148b66c82db0db4577) Importer(815301076,1909f56bfc062723c751e8b465ee728b)  -> (artifact id: 'e03ace9f3d5886442d3343c44307e20b') in 0.014530 seconds 
========================================================================
Received Import Request.
  Time since last request: 109.163453 seconds.
  path: Assets/Sprites/Tower/Canon/Canon6/cannon06.png
  artifactKey: Guid(a0b8d5f217b3a4146997f2e854ca3350) Importer(815301076,1909f56bfc062723c751e8b465ee728b)
Start importing Assets/Sprites/Tower/Canon/Canon6/cannon06.png using Guid(a0b8d5f217b3a4146997f2e854ca3350) Importer(815301076,1909f56bfc062723c751e8b465ee728b)  -> (artifact id: '2c303f3e3f5b1bf78275dfa9613f98ae') in 0.027940 seconds 
========================================================================
Received Import Request.
  Time since last request: 3.226362 seconds.
  path: Assets/Sprites/Tower/Canon/Canon5
  artifactKey: Guid(3113f3ee57ec6c141a7d27dc3261d1e3) Importer(815301076,1909f56bfc062723c751e8b465ee728b)
Start importing Assets/Sprites/Tower/Canon/Canon5 using Guid(3113f3ee57ec6c141a7d27dc3261d1e3) Importer(815301076,1909f56bfc062723c751e8b465ee728b)  -> (artifact id: '3053d559c90463a95d0a716e952ca640') in 0.007737 seconds 
========================================================================
Received Import Request.
  Time since last request: 2.151098 seconds.
  path: Assets/Sprites/Tower/Canon/Canon5/cannon05_Back.png
  artifactKey: Guid(f148219e71f7bc541b53c111a958ba71) Importer(815301076,1909f56bfc062723c751e8b465ee728b)
Start importing Assets/Sprites/Tower/Canon/Canon5/cannon05_Back.png using Guid(f148219e71f7bc541b53c111a958ba71) Importer(815301076,1909f56bfc062723c751e8b465ee728b)  -> (artifact id: 'd07fe4d3444ec5e7172cf0c1d6db0cfd') in 0.013935 seconds 
========================================================================
Received Import Request.
  Time since last request: 13.136675 seconds.
  path: Assets/Sprites/Tower/Canon/Canon4/cannon04.png
  artifactKey: Guid(ace4657f7fc815043b877a1a2a6885f2) Importer(815301076,1909f56bfc062723c751e8b465ee728b)
Start importing Assets/Sprites/Tower/Canon/Canon4/cannon04.png using Guid(ace4657f7fc815043b877a1a2a6885f2) Importer(815301076,1909f56bfc062723c751e8b465ee728b)  -> (artifact id: 'a55870991c773b72d509c35a3cd37573') in 0.014848 seconds 
